2016-07-05 12:13:29,739 [Worker-1] INFO  o.e.m.c.i.l.LifecycleMappingFactory - Using NULL lifecycle mapping for MavenProject: HW_GID01:HW_AID01:0.0.1-SNAPSHOT @ C:\Users\garciapj\Documents\Seur\HelloWorld_WS\HW_AID01\pom.xml.
2016-07-05 12:16:41,546 [main] INFO  o.e.m.c.i.l.LifecycleMappingFactory - Using NULL lifecycle mapping for MavenProject: HW_GID01:HW_AID01:0.0.1-SNAPSHOT @ C:\Users\garciapj\Documents\Seur\HelloWorld_WS\HW_AID01\pom.xml.
2016-07-05 12:18:15,299 [ModalContext] INFO  o.e.m.c.i.e.AbstractTransferListenerAdapter - Downloading https://repo.maven.apache.org/maven2/org/apache/maven/archetypes/maven-archetype-quickstart/1.1/maven-archetype-quickstart-1.1.jar
2016-07-05 12:18:15,416 [ModalContext] INFO  o.e.m.c.i.e.AbstractTransferListenerAdapter - Downloaded https://repo.maven.apache.org/maven2/org/apache/maven/archetypes/maven-archetype-quickstart/1.1/maven-archetype-quickstart-1.1.jar
2016-07-05 12:18:15,510 [ModalContext] INFO  o.e.m.c.i.e.AbstractTransferListenerAdapter - Downloading https://repo.maven.apache.org/maven2/org/apache/maven/archetypes/maven-archetype-quickstart/1.1/maven-archetype-quickstart-1.1.pom
2016-07-05 12:18:15,602 [ModalContext] INFO  o.e.m.c.i.e.AbstractTransferListenerAdapter - Downloaded https://repo.maven.apache.org/maven2/org/apache/maven/archetypes/maven-archetype-quickstart/1.1/maven-archetype-quickstart-1.1.pom
2016-07-05 12:18:27,878 [Worker-17] INFO  o.e.m.c.i.p.ProjectConfigurationManager - Collecting project info '/pom.xml' C:\Users\garciapj\Documents\Seur\HelloWorld_WS\AID01\pom.xml
2016-07-05 12:18:29,732 [Worker-17] INFO  o.e.m.c.i.e.AbstractTransferListenerAdapter - Downloading https://repo.maven.apache.org/maven2/org/apache/maven/plugins/maven-surefire-plugin/2.12.4/maven-surefire-plugin-2.12.4.jar
2016-07-05 12:18:30,916 [Worker-17] INFO  o.e.m.c.i.e.AbstractTransferListenerAdapter - Downloaded https://repo.maven.apache.org/maven2/org/apache/maven/plugins/maven-surefire-plugin/2.12.4/maven-surefire-plugin-2.12.4.jar
2016-07-05 12:18:31,572 [Worker-17] INFO  o.e.m.c.i.e.AbstractTransferListenerAdapter - Downloading https://repo.maven.apache.org/maven2/org/apache/maven/plugins/maven-jar-plugin/2.4/maven-jar-plugin-2.4.jar
2016-07-05 12:18:32,522 [Worker-17] INFO  o.e.m.c.i.e.AbstractTransferListenerAdapter - Downloaded https://repo.maven.apache.org/maven2/org/apache/maven/plugins/maven-jar-plugin/2.4/maven-jar-plugin-2.4.jar
2016-07-05 12:18:33,167 [Worker-17] INFO  o.e.m.c.i.e.AbstractTransferListenerAdapter - Downloading https://repo.maven.apache.org/maven2/org/apache/maven/plugins/maven-install-plugin/2.4/maven-install-plugin-2.4.jar
2016-07-05 12:18:34,068 [Worker-17] INFO  o.e.m.c.i.e.AbstractTransferListenerAdapter - Downloaded https://repo.maven.apache.org/maven2/org/apache/maven/plugins/maven-install-plugin/2.4/maven-install-plugin-2.4.jar
2016-07-05 12:18:34,387 [Worker-17] INFO  o.e.m.c.i.e.AbstractTransferListenerAdapter - Downloading https://repo.maven.apache.org/maven2/org/apache/maven/plugins/maven-deploy-plugin/2.7/maven-deploy-plugin-2.7.jar
2016-07-05 12:18:35,279 [Worker-17] INFO  o.e.m.c.i.e.AbstractTransferListenerAdapter - Downloaded https://repo.maven.apache.org/maven2/org/apache/maven/plugins/maven-deploy-plugin/2.7/maven-deploy-plugin-2.7.jar
2016-07-05 12:18:35,566 [Worker-17] INFO  o.e.m.c.i.e.AbstractTransferListenerAdapter - Downloading https://repo.maven.apache.org/maven2/org/apache/maven/plugins/maven-site-plugin/3.3/maven-site-plugin-3.3.jar
2016-07-05 12:18:37,426 [Worker-17] INFO  o.e.m.c.i.e.AbstractTransferListenerAdapter - Downloaded https://repo.maven.apache.org/maven2/org/apache/maven/plugins/maven-site-plugin/3.3/maven-site-plugin-3.3.jar
2016-07-05 12:18:38,573 [Worker-17] INFO  o.e.m.c.i.l.LifecycleMappingFactory - Using org.eclipse.m2e.jdt.JarLifecycleMapping lifecycle mapping for MavenProject: GID01:AID01:0.0.1-SNAPSHOT @ C:\Users\garciapj\Documents\Seur\HelloWorld_WS\AID01\pom.xml.
2016-07-05 12:18:38,877 [Worker-17] INFO  o.e.m.c.i.e.AbstractTransferListenerAdapter - Downloading https://repo.maven.apache.org/maven2/org/apache/maven/plugins/maven-surefire-plugin/2.12.4/maven-surefire-plugin-2.12.4.pom
2016-07-05 12:18:39,169 [Worker-17] INFO  o.e.m.c.i.e.AbstractTransferListenerAdapter - Downloaded https://repo.maven.apache.org/maven2/org/apache/maven/plugins/maven-surefire-plugin/2.12.4/maven-surefire-plugin-2.12.4.pom
2016-07-05 12:18:39,450 [Worker-17] INFO  o.e.m.c.i.e.AbstractTransferListenerAdapter - Downloading https://repo.maven.apache.org/maven2/org/apache/maven/surefire/surefire/2.12.4/surefire-2.12.4.pom
2016-07-05 12:18:39,771 [Worker-17] INFO  o.e.m.c.i.e.AbstractTransferListenerAdapter - Downloaded https://repo.maven.apache.org/maven2/org/apache/maven/surefire/surefire/2.12.4/surefire-2.12.4.pom
2016-07-05 12:18:40,455 [Worker-17] INFO  o.e.m.c.i.e.AbstractTransferListenerAdapter - Downloading https://repo.maven.apache.org/maven2/org/apache/maven/plugins/maven-jar-plugin/2.4/maven-jar-plugin-2.4.pom
2016-07-05 12:18:40,926 [Worker-17] INFO  o.e.m.c.i.e.AbstractTransferListenerAdapter - Downloaded https://repo.maven.apache.org/maven2/org/apache/maven/plugins/maven-jar-plugin/2.4/maven-jar-plugin-2.4.pom
2016-07-05 12:18:41,395 [Worker-17] INFO  o.e.m.c.i.e.AbstractTransferListenerAdapter - Downloading https://repo.maven.apache.org/maven2/commons-lang/commons-lang/2.1/commons-lang-2.1.pom
2016-07-05 12:18:42,085 [Worker-17] INFO  o.e.m.c.i.e.AbstractTransferListenerAdapter - Downloaded https://repo.maven.apache.org/maven2/commons-lang/commons-lang/2.1/commons-lang-2.1.pom
2016-07-05 12:18:42,669 [Worker-17] INFO  o.e.m.c.i.e.AbstractTransferListenerAdapter - Downloading https://repo.maven.apache.org/maven2/org/codehaus/plexus/plexus-interpolation/1.15/plexus-interpolation-1.15.jar
2016-07-05 12:18:47,881 [Worker-17] INFO  o.e.m.c.i.e.AbstractTransferListenerAdapter - Downloaded https://repo.maven.apache.org/maven2/org/codehaus/plexus/plexus-interpolation/1.15/plexus-interpolation-1.15.jar
2016-07-05 12:18:48,166 [Worker-17] INFO  o.e.m.c.i.e.AbstractTransferListenerAdapter - Downloading https://repo.maven.apache.org/maven2/org/codehaus/plexus/plexus-archiver/2.1/plexus-archiver-2.1.jar
2016-07-05 12:18:54,374 [Worker-17] INFO  o.e.m.c.i.e.AbstractTransferListenerAdapter - Downloaded https://repo.maven.apache.org/maven2/org/codehaus/plexus/plexus-archiver/2.1/plexus-archiver-2.1.jar
2016-07-05 12:18:54,639 [Worker-17] INFO  o.e.m.c.i.e.AbstractTransferListenerAdapter - Downloading https://repo.maven.apache.org/maven2/org/codehaus/plexus/plexus-io/2.0.2/plexus-io-2.0.2.jar
2016-07-05 12:18:57,271 [Worker-17] INFO  o.e.m.c.i.e.AbstractTransferListenerAdapter - Downloaded https://repo.maven.apache.org/maven2/org/codehaus/plexus/plexus-io/2.0.2/plexus-io-2.0.2.jar
2016-07-05 12:18:57,805 [Worker-17] INFO  o.e.m.c.i.e.AbstractTransferListenerAdapter - Downloading https://repo.maven.apache.org/maven2/commons-lang/commons-lang/2.1/commons-lang-2.1.jar
2016-07-05 12:19:01,434 [Worker-17] INFO  o.e.m.c.i.e.AbstractTransferListenerAdapter - Downloaded https://repo.maven.apache.org/maven2/commons-lang/commons-lang/2.1/commons-lang-2.1.jar
2016-07-05 12:19:01,999 [Worker-17] INFO  o.e.m.j.i.AbstractJavaProjectConfigurator - Adding source folder /AID01/src/main/java
2016-07-05 12:19:02,003 [Worker-17] INFO  o.e.m.j.i.AbstractJavaProjectConfigurator - Adding source folder /AID01/src/test/java
2016-07-05 12:19:02,901 [Worker-17] INFO  o.e.m.c.i.p.ProjectConfigurationManager - Imported and configured 1 project(s) in 35 sec
2016-07-05 12:19:03,278 [Worker-17] INFO  o.e.m.c.i.embedder.EclipseLogger - Using 'UTF-8' encoding to copy filtered resources.
2016-07-05 12:19:03,279 [Worker-17] INFO  o.e.m.c.i.embedder.EclipseLogger - skip non existing resourceDirectory C:\Users\garciapj\Documents\Seur\HelloWorld_WS\AID01\src\main\resources
2016-07-05 12:19:03,281 [Worker-17] INFO  o.e.m.c.i.embedder.EclipseLogger - Using 'UTF-8' encoding to copy filtered resources.
2016-07-05 12:19:03,281 [Worker-17] INFO  o.e.m.c.i.embedder.EclipseLogger - skip non existing resourceDirectory C:\Users\garciapj\Documents\Seur\HelloWorld_WS\AID01\src\test\resources
2016-07-05 12:19:45,879 [Worker-21] INFO  o.e.m.c.i.embedder.EclipseLogger - Using 'UTF-8' encoding to copy filtered resources.
2016-07-05 12:19:45,879 [Worker-21] INFO  o.e.m.c.i.embedder.EclipseLogger - skip non existing resourceDirectory C:\Users\garciapj\Documents\Seur\HelloWorld_WS\AID01\src\main\resources
2016-07-05 12:19:45,880 [Worker-21] INFO  o.e.m.c.i.embedder.EclipseLogger - Using 'UTF-8' encoding to copy filtered resources.
2016-07-05 12:19:45,880 [Worker-21] INFO  o.e.m.c.i.embedder.EclipseLogger - skip non existing resourceDirectory C:\Users\garciapj\Documents\Seur\HelloWorld_WS\AID01\src\test\resources
2016-07-05 12:19:46,949 [Worker-16] INFO  o.e.m.c.i.embedder.EclipseLogger - Using 'UTF-8' encoding to copy filtered resources.
2016-07-05 12:19:46,949 [Worker-16] INFO  o.e.m.c.i.embedder.EclipseLogger - skip non existing resourceDirectory C:\Users\garciapj\Documents\Seur\HelloWorld_WS\AID01\src\main\resources
2016-07-05 12:19:46,951 [Worker-16] INFO  o.e.m.c.i.embedder.EclipseLogger - Using 'UTF-8' encoding to copy filtered resources.
2016-07-05 12:19:46,952 [Worker-16] INFO  o.e.m.c.i.embedder.EclipseLogger - skip non existing resourceDirectory C:\Users\garciapj\Documents\Seur\HelloWorld_WS\AID01\src\test\resources
2016-07-05 12:19:55,779 [Worker-21] INFO  o.e.m.c.i.embedder.EclipseLogger - Using 'UTF-8' encoding to copy filtered resources.
2016-07-05 12:19:55,780 [Worker-21] INFO  o.e.m.c.i.embedder.EclipseLogger - skip non existing resourceDirectory C:\Users\garciapj\Documents\Seur\HelloWorld_WS\AID01\src\main\resources
2016-07-05 12:19:55,782 [Worker-21] INFO  o.e.m.c.i.embedder.EclipseLogger - Using 'UTF-8' encoding to copy filtered resources.
2016-07-05 12:19:55,782 [Worker-21] INFO  o.e.m.c.i.embedder.EclipseLogger - skip non existing resourceDirectory C:\Users\garciapj\Documents\Seur\HelloWorld_WS\AID01\src\test\resources
2016-07-05 12:20:09,372 [Worker-22] INFO  o.e.m.c.i.embedder.EclipseLogger - Using 'UTF-8' encoding to copy filtered resources.
2016-07-05 12:20:09,373 [Worker-22] INFO  o.e.m.c.i.embedder.EclipseLogger - skip non existing resourceDirectory C:\Users\garciapj\Documents\Seur\HelloWorld_WS\AID01\src\main\resources
2016-07-05 12:20:09,373 [Worker-22] INFO  o.e.m.c.i.embedder.EclipseLogger - Using 'UTF-8' encoding to copy filtered resources.
2016-07-05 12:20:09,374 [Worker-22] INFO  o.e.m.c.i.embedder.EclipseLogger - skip non existing resourceDirectory C:\Users\garciapj\Documents\Seur\HelloWorld_WS\AID01\src\test\resources
2016-07-05 12:21:48,922 [Worker-19] INFO  o.e.m.c.i.p.ProjectConfigurationManager - Update started
2016-07-05 12:21:49,533 [Worker-19] INFO  o.e.m.c.i.l.LifecycleMappingFactory - Using org.eclipse.m2e.jdt.JarLifecycleMapping lifecycle mapping for MavenProject: GID01:AID01:0.0.1-SNAPSHOT @ C:\Users\garciapj\Documents\Seur\HelloWorld_WS\AID01\pom.xml.
2016-07-05 12:21:49,918 [Worker-19] INFO  o.e.m.j.i.AbstractJavaProjectConfigurator - Adding source folder /AID01/src/main/java
2016-07-05 12:21:49,919 [Worker-19] INFO  o.e.m.j.i.AbstractJavaProjectConfigurator - Adding source folder /AID01/src/test/java
2016-07-05 12:21:50,015 [Worker-19] INFO  o.e.m.c.i.p.ProjectConfigurationManager - Update completed: 1 sec
2016-07-05 12:21:50,201 [Worker-25] INFO  o.e.m.c.i.embedder.EclipseLogger - Using 'UTF-8' encoding to copy filtered resources.
2016-07-05 12:21:50,201 [Worker-25] INFO  o.e.m.c.i.embedder.EclipseLogger - skip non existing resourceDirectory C:\Users\garciapj\Documents\Seur\HelloWorld_WS\AID01\src\main\resources
2016-07-05 12:21:50,204 [Worker-25] INFO  o.e.m.c.i.embedder.EclipseLogger - Using 'UTF-8' encoding to copy filtered resources.
2016-07-05 12:21:50,204 [Worker-25] INFO  o.e.m.c.i.embedder.EclipseLogger - skip non existing resourceDirectory C:\Users\garciapj\Documents\Seur\HelloWorld_WS\AID01\src\test\resources
2016-07-05 12:22:03,115 [main] INFO  o.e.m2e.actions.ExecutePomAction - Creating new launch configuration
2016-07-05 12:22:38,533 [Worker-1] INFO  o.e.m.i.launch.MavenLaunchDelegate - C:\Users\garciapj\Documents\Seur\HelloWorld_WS\AID01
2016-07-05 12:22:38,534 [Worker-1] INFO  o.e.m.i.launch.MavenLaunchDelegate -  mvn  -B mvn install
2016-07-05 12:25:52,847 [main] INFO  o.e.m2e.actions.ExecutePomAction - Creating new launch configuration
2016-07-05 12:25:54,941 [Worker-27] INFO  o.e.m.i.launch.MavenLaunchDelegate - C:\Users\garciapj\Documents\Seur\HelloWorld_WS\AID01
2016-07-05 12:25:54,942 [Worker-27] INFO  o.e.m.i.launch.MavenLaunchDelegate -  mvn  -B 
2016-07-05 12:26:04,180 [Worker-29] INFO  o.e.m.i.launch.MavenLaunchDelegate - C:\Users\garciapj\Documents\Seur\HelloWorld_WS\AID01
2016-07-05 12:26:04,180 [Worker-29] INFO  o.e.m.i.launch.MavenLaunchDelegate -  mvn  -B 
2016-07-05 12:26:30,380 [Worker-27] INFO  o.e.m.i.launch.MavenLaunchDelegate - C:\Users\garciapj\Documents\Seur\HelloWorld_WS\AID01
2016-07-05 12:26:30,380 [Worker-27] INFO  o.e.m.i.launch.MavenLaunchDelegate -  mvn  -B mvn clean deploy
2016-07-05 12:26:42,109 [Worker-16] INFO  o.e.m.i.launch.MavenLaunchDelegate - C:\Users\garciapj\Documents\Seur\HelloWorld_WS\AID01
2016-07-05 12:26:42,110 [Worker-16] INFO  o.e.m.i.launch.MavenLaunchDelegate -  mvn  -B clean deploy
2016-07-05 12:40:54,062 [Worker-34] INFO  o.e.m.i.launch.MavenLaunchDelegate - C:\Users\garciapj\Documents\Seur\HelloWorld_WS\AID01
2016-07-05 12:40:54,062 [Worker-34] INFO  o.e.m.i.launch.MavenLaunchDelegate -  mvn  -B clean install
2016-07-05 12:41:26,745 [Worker-37] INFO  o.e.m.i.launch.MavenLaunchDelegate - C:\Users\garciapj\Documents\Seur\HelloWorld_WS\AID01
2016-07-05 12:41:26,745 [Worker-37] INFO  o.e.m.i.launch.MavenLaunchDelegate -  mvn  -B clean install
2016-07-05 12:48:20,908 [Worker-38] INFO  o.e.m.i.launch.MavenLaunchDelegate - C:\Users\garciapj\Documents\Seur\HelloWorld_WS\AID01
2016-07-05 12:48:20,908 [Worker-38] INFO  o.e.m.i.launch.MavenLaunchDelegate -  mvn  -B mvn package
2016-07-05 12:48:30,595 [Worker-38] INFO  o.e.m.i.launch.MavenLaunchDelegate - C:\Users\garciapj\Documents\Seur\HelloWorld_WS\AID01
2016-07-05 12:48:30,595 [Worker-38] INFO  o.e.m.i.launch.MavenLaunchDelegate -  mvn  -B package
2016-07-05 12:52:00,025 [Worker-13] INFO  o.e.m.c.i.embedder.EclipseLogger - Using 'UTF-8' encoding to copy filtered resources.
2016-07-05 12:52:00,029 [Worker-13] INFO  o.e.m.c.i.embedder.EclipseLogger - skip non existing resourceDirectory C:\Users\garciapj\Documents\Seur\HelloWorld_WS\AID01\src\main\resources
2016-07-05 12:52:00,031 [Worker-13] INFO  o.e.m.c.i.embedder.EclipseLogger - Using 'UTF-8' encoding to copy filtered resources.
2016-07-05 12:52:00,031 [Worker-13] INFO  o.e.m.c.i.embedder.EclipseLogger - skip non existing resourceDirectory C:\Users\garciapj\Documents\Seur\HelloWorld_WS\AID01\src\test\resources
2016-07-05 12:52:12,563 [Worker-3] INFO  o.e.m.i.launch.MavenLaunchDelegate - C:\Users\garciapj\Documents\Seur\HelloWorld_WS\AID01
2016-07-05 12:52:12,564 [Worker-3] INFO  o.e.m.i.launch.MavenLaunchDelegate -  mvn -Plocal  -B package
2016-07-05 15:30:45,454 [Worker-34] INFO  o.e.m.i.launch.MavenLaunchDelegate - C:\Users\garciapj\Documents\Seur\HelloWorld_WS\AID01
2016-07-05 15:30:45,455 [Worker-34] INFO  o.e.m.i.launch.MavenLaunchDelegate -  mvn -Plocal  -B install
2016-07-05 16:51:47,793 [Worker-54] INFO  o.e.m.i.launch.MavenLaunchDelegate - C:\Users\garciapj\Documents\Seur\HelloWorld_WS\AID01
2016-07-05 16:51:47,794 [Worker-54] INFO  o.e.m.i.launch.MavenLaunchDelegate -  mvn -Plocal  -B clean install
2016-07-05 16:52:13,598 [Worker-56] INFO  o.e.m.i.launch.MavenLaunchDelegate - C:\Users\garciapj\Documents\Seur\HelloWorld_WS\AID01
2016-07-05 16:52:13,598 [Worker-56] INFO  o.e.m.i.launch.MavenLaunchDelegate -  mvn  -B clean install
2016-07-05 16:54:57,335 [Worker-60] INFO  o.e.m.c.i.embedder.EclipseLogger - Using 'UTF-8' encoding to copy filtered resources.
2016-07-05 16:54:57,335 [Worker-60] INFO  o.e.m.c.i.embedder.EclipseLogger - skip non existing resourceDirectory C:\Users\garciapj\Documents\Seur\HelloWorld_WS\AID01\src\main\resources
2016-07-05 16:54:57,336 [Worker-60] INFO  o.e.m.c.i.embedder.EclipseLogger - Using 'UTF-8' encoding to copy filtered resources.
2016-07-05 16:54:57,337 [Worker-60] INFO  o.e.m.c.i.embedder.EclipseLogger - skip non existing resourceDirectory C:\Users\garciapj\Documents\Seur\HelloWorld_WS\AID01\src\test\resources
2016-07-05 16:54:58,403 [Worker-57] INFO  o.e.m.c.i.embedder.EclipseLogger - Using 'UTF-8' encoding to copy filtered resources.
2016-07-05 16:54:58,404 [Worker-57] INFO  o.e.m.c.i.embedder.EclipseLogger - skip non existing resourceDirectory C:\Users\garciapj\Documents\Seur\HelloWorld_WS\AID01\src\main\resources
2016-07-05 16:54:58,405 [Worker-57] INFO  o.e.m.c.i.embedder.EclipseLogger - Using 'UTF-8' encoding to copy filtered resources.
2016-07-05 16:54:58,405 [Worker-57] INFO  o.e.m.c.i.embedder.EclipseLogger - skip non existing resourceDirectory C:\Users\garciapj\Documents\Seur\HelloWorld_WS\AID01\src\test\resources
2016-07-05 17:08:15,944 [main] ERROR o.e.m2e.editor.pom.OverviewPage - Failed to populate overview panel
java.lang.NullPointerException: null
	at org.eclipse.m2e.core.ui.internal.editing.PomEdits.performOnDOMDocument(PomEdits.java:510) ~[org.eclipse.m2e.core.ui_1.6.2.20150902-0002.jar:na]
	at org.eclipse.m2e.editor.pom.OverviewPage$17.run(OverviewPage.java:1129) ~[na:na]
	at org.eclipse.swt.widgets.RunnableLock.run(RunnableLock.java:35) [org.eclipse.swt.win32.win32.x86_64_3.104.2.v20160212-1350.jar:na]
	at org.eclipse.swt.widgets.Synchronizer.runAsyncMessages(Synchronizer.java:135) [org.eclipse.swt.win32.win32.x86_64_3.104.2.v20160212-1350.jar:na]
	at org.eclipse.swt.widgets.Display.runAsyncMessages(Display.java:4155) [org.eclipse.swt.win32.win32.x86_64_3.104.2.v20160212-1350.jar:na]
	at org.eclipse.swt.widgets.Display.readAndDispatch(Display.java:3772) [org.eclipse.swt.win32.win32.x86_64_3.104.2.v20160212-1350.jar:na]
	at org.eclipse.jface.operation.ModalContext$ModalContextThread.block(ModalContext.java:172) [org.eclipse.jface_3.11.1.v20160128-1644.jar:na]
	at org.eclipse.jface.operation.ModalContext.run(ModalContext.java:387) [org.eclipse.jface_3.11.1.v20160128-1644.jar:na]
	at org.eclipse.jface.dialogs.ProgressMonitorDialog.run(ProgressMonitorDialog.java:500) [org.eclipse.jface_3.11.1.v20160128-1644.jar:na]
	at org.eclipse.ui.internal.progress.ProgressMonitorJobsDialog.run(ProgressMonitorJobsDialog.java:284) [org.eclipse.ui.workbench_3.107.1.v20160120-2131.jar:na]
	at org.eclipse.ui.internal.ide.application.IDEWorkbenchAdvisor.disconnectFromWorkspace(IDEWorkbenchAdvisor.java:460) [org.eclipse.ui.ide.application_1.1.0.v20150422-0725.jar:na]
	at org.eclipse.ui.internal.ide.application.IDEWorkbenchAdvisor.postShutdown(IDEWorkbenchAdvisor.java:306) [org.eclipse.ui.ide.application_1.1.0.v20150422-0725.jar:na]
	at org.eclipse.ui.internal.Workbench.shutdown(Workbench.java:3183) [org.eclipse.ui.workbench_3.107.1.v20160120-2131.jar:na]
	at org.eclipse.ui.internal.Workbench.busyClose(Workbench.java:1201) [org.eclipse.ui.workbench_3.107.1.v20160120-2131.jar:na]
	at org.eclipse.ui.internal.Workbench.access$22(Workbench.java:1113) [org.eclipse.ui.workbench_3.107.1.v20160120-2131.jar:na]
	at org.eclipse.ui.internal.Workbench$19.run(Workbench.java:1454) [org.eclipse.ui.workbench_3.107.1.v20160120-2131.jar:na]
	at org.eclipse.swt.custom.BusyIndicator.showWhile(BusyIndicator.java:70) [org.eclipse.swt.win32.win32.x86_64_3.104.2.v20160212-1350.jar:na]
	at org.eclipse.ui.internal.Workbench.close(Workbench.java:1451) [org.eclipse.ui.workbench_3.107.1.v20160120-2131.jar:na]
	at org.eclipse.ui.internal.Workbench.restart(Workbench.java:2701) [org.eclipse.ui.workbench_3.107.1.v20160120-2131.jar:na]
	at org.eclipse.equinox.internal.p2.ui.ProvisioningOperationRunner$1.run(ProvisioningOperationRunner.java:92) [org.eclipse.equinox.p2.ui_2.4.0.v20150425-0422.jar:na]
	at org.eclipse.swt.widgets.RunnableLock.run(RunnableLock.java:35) [org.eclipse.swt.win32.win32.x86_64_3.104.2.v20160212-1350.jar:na]
	at org.eclipse.swt.widgets.Synchronizer.runAsyncMessages(Synchronizer.java:135) [org.eclipse.swt.win32.win32.x86_64_3.104.2.v20160212-1350.jar:na]
	at org.eclipse.swt.widgets.Display.runAsyncMessages(Display.java:4155) [org.eclipse.swt.win32.win32.x86_64_3.104.2.v20160212-1350.jar:na]
	at org.eclipse.swt.widgets.Display.readAndDispatch(Display.java:3772) [org.eclipse.swt.win32.win32.x86_64_3.104.2.v20160212-1350.jar:na]
	at org.eclipse.e4.ui.internal.workbench.swt.PartRenderingEngine$4.run(PartRenderingEngine.java:1127) [org.eclipse.e4.ui.workbench.swt_0.13.0.v20150504-0621.jar:na]
	at org.eclipse.core.databinding.observable.Realm.runWithDefault(Realm.java:337) [org.eclipse.core.databinding.observable_1.5.0.v20150422-0725.jar:na]
	at org.eclipse.e4.ui.internal.workbench.swt.PartRenderingEngine.run(PartRenderingEngine.java:1018) [org.eclipse.e4.ui.workbench.swt_0.13.0.v20150504-0621.jar:na]
	at org.eclipse.e4.ui.internal.workbench.E4Workbench.createAndRunUI(E4Workbench.java:156) [org.eclipse.e4.ui.workbench_1.3.1.v20160203-0951.jar:na]
	at org.eclipse.ui.internal.Workbench$5.run(Workbench.java:694) [org.eclipse.ui.workbench_3.107.1.v20160120-2131.jar:na]
	at org.eclipse.core.databinding.observable.Realm.runWithDefault(Realm.java:337) [org.eclipse.core.databinding.observable_1.5.0.v20150422-0725.jar:na]
	at org.eclipse.ui.internal.Workbench.createAndRunWorkbench(Workbench.java:606) [org.eclipse.ui.workbench_3.107.1.v20160120-2131.jar:na]
	at org.eclipse.ui.PlatformUI.createAndRunWorkbench(PlatformUI.java:150) [org.eclipse.ui.workbench_3.107.1.v20160120-2131.jar:na]
	at org.eclipse.ui.internal.ide.application.IDEApplication.start(IDEApplication.java:139) [org.eclipse.ui.ide.application_1.1.0.v20150422-0725.jar:na]
	at org.eclipse.equinox.internal.app.EclipseAppHandle.run(EclipseAppHandle.java:196) [org.eclipse.equinox.app_1.3.300.v20150423-1356.jar:na]
	at org.eclipse.core.runtime.internal.adaptor.EclipseAppLauncher.runApplication(EclipseAppLauncher.java:134) [org.eclipse.osgi_3.10.102.v20160118-1700.jar:na]
	at org.eclipse.core.runtime.internal.adaptor.EclipseAppLauncher.start(EclipseAppLauncher.java:104) [org.eclipse.osgi_3.10.102.v20160118-1700.jar:na]
	at org.eclipse.core.runtime.adaptor.EclipseStarter.run(EclipseStarter.java:380) [org.eclipse.osgi_3.10.102.v20160118-1700.jar:na]
	at org.eclipse.core.runtime.adaptor.EclipseStarter.run(EclipseStarter.java:235) [org.eclipse.osgi_3.10.102.v20160118-1700.jar:na]
	at sun.reflect.NativeMethodAccessorImpl.invoke0(Native Method) ~[na:1.8.0_91]
	at sun.reflect.NativeMethodAccessorImpl.invoke(Unknown Source) ~[na:1.8.0_91]
	at sun.reflect.DelegatingMethodAccessorImpl.invoke(Unknown Source) ~[na:1.8.0_91]
	at java.lang.reflect.Method.invoke(Unknown Source) ~[na:1.8.0_91]
	at org.eclipse.equinox.launcher.Main.invokeFramework(Main.java:669) [org.eclipse.equinox.launcher_1.3.100.v20150511-1540.jar:na]
	at org.eclipse.equinox.launcher.Main.basicRun(Main.java:608) [org.eclipse.equinox.launcher_1.3.100.v20150511-1540.jar:na]
	at org.eclipse.equinox.launcher.Main.run(Main.java:1515) [org.eclipse.equinox.launcher_1.3.100.v20150511-1540.jar:na]
2016-07-05 17:08:16,360 [Worker-65] INFO  o.e.m.c.i.l.LifecycleMappingFactory - Using org.eclipse.m2e.jdt.JarLifecycleMapping lifecycle mapping for MavenProject: GID01:AID01:0.0.1-SNAPSHOT @ C:\Users\garciapj\Documents\Seur\HelloWorld_WS\AID01\pom.xml.
2016-07-05 17:08:16,621 [Worker-65] INFO  o.e.m.c.i.embedder.EclipseLogger - Using 'UTF-8' encoding to copy filtered resources.
2016-07-05 17:08:16,621 [Worker-65] INFO  o.e.m.c.i.embedder.EclipseLogger - skip non existing resourceDirectory C:\Users\garciapj\Documents\Seur\HelloWorld_WS\AID01\src\main\resources
2016-07-05 17:08:16,623 [Worker-65] INFO  o.e.m.c.i.embedder.EclipseLogger - Using 'UTF-8' encoding to copy filtered resources.
2016-07-05 17:08:16,623 [Worker-65] INFO  o.e.m.c.i.embedder.EclipseLogger - skip non existing resourceDirectory C:\Users\garciapj\Documents\Seur\HelloWorld_WS\AID01\src\test\resources
